asagraduatestudentatthemassachusettsinstituteoftechnologyinamitsahaiwasfascinatedbythestrangenotion 
ofazeroknowledgeproofatypeofmathematicalprotocolforconvincingsomeonethatsomethingistruewithoutrevealinganydetailsofwhyit
istrueassahaimulledoverthiscounterintuitiveconceptitledhimtoconsideranevenmoredaringnotionwhatifitwerepossibletomaskthe
innerworkingsnotjustofaproofbutofacomputerprogramsothatpeoplecouldusetheprogramwithoutbeingabletofigureouthowitworkedthe
ideaofobfuscatingaprogramhadbeenaroundfordecadesbutnoonehadeverdevelopedarigorousmathematicalframeworkfortheconceptletalone
createdanunassailableobfuscationschemeovertheyearscommercialsoftwarecompanieshaveengineeredvarioustechniquesforgarblingacomputer
programsothatitwillbehardertounderstandwhilestillperformingthesamefunctionbuthackershavedefeatedeveryattemptatbestthese
commercialobfuscatorsofferaspeedbumpsaidsahainowacomputerscienceprofessorattheuniversityofcalifornialosangelesanattacker
mightneedafewdaystounlockthesecretshiddeninyoursoftwareinsteadofafewminutessecureprogramobfuscationwouldbeusefulformany
applicationssuchasprotectingsoftwarepatchesobscuringtheworkingsofthechipsthatreadencrypteddvdsorencryptingthesoftwarecontrolling
militarydronesmorefuturisticallyitwouldallowpeopletocreateautonomousvirtualagentsthattheycouldsendoutintothecomputingcloud
toactontheirbehalfifforexampleyouwereheadingtoaremotecabininthewoodsforavacationyoucouldcreateandthenobfuscateacomputerprogram
thatwouldinformyourbossaboutemailsyoureceivedfromanimportantclientoralertyoursisterifyourbankbalancedroppedtoolowyourpasswords
andothersecretsinsidetheprogramwouldbesafeyoucouldsendthatagentintothecomputingwildincludingontountrustedcomputerssahaisaidit
couldbecapturedbytheenemyinterrogatedanddisassembledbutitcouldntbeforcedtorevealyoursecretsassahaiponderedprogramobfuscation
howeverheandseveralcolleaguesquicklyrealizedthatitspotentialfarsurpassedanyspecificapplicationsifaprogramobfuscatorcouldbe
createditcouldsolvemanyoftheproblemsthathavedrivencryptographyforthepastyearsproblemsabouthowtoconductsecureinteractionswith
peopleatsaytheotherendofaninternetconnectionwhomyoumaynotknowortrustaprogramobfuscatorwouldbeapowerfultoolforfindingplausible
constructionsforjustaboutanycryptographictaskyoucouldconceiveofsaidyuvalishaiofthetechnioninhaifaisraelpreciselybecauseof
obfuscationspowermanycomputerscientistsincludingsahaiandhiscolleaguesthoughtitwasimpossiblewewereconvinceditwastoopowerful
toexisthesaidtheirearliestresearchfindingsseemedtoconfirmthisshowingthatthemostnaturalformofobfuscationisindeedimpossibleto
achieveforallprogramsthenonjulysahaiandfivecoauthorspostedapaperonthecryptologyeprintarchivedemonstratingacandidateprotocol
forakindofobfuscationknownasindistinguishabilityobfuscationtwodayslatersahaiandoneofhiscoauthorsbrentwatersoftheuniversityof
texasaustinpostedasecondpaperthatsuggestedtogetherwiththefirstpaperthatthissomewhatarcaneformofobfuscationmaypossessmuchofthe
powercryptographershavedreamedofthisisthefirstseriouspositiveresultwhenitcomestotryingtofindauniversalobfuscatorsaidboazbarak
ofmicrosoftresearchincambridgemassthecryptographycommunityisveryexcitedinthesixmonthssincetheoriginalpaperwaspostedmorepapers
haveappearedontheeprintarchivewithobfuscationinthetitlethaninthepreviousyearshoweverthenewobfuscationschemeisfarfromreadyfor
commercialapplicationsthetechniqueturnsshortsimpleprogramsintogiantunwieldyalbatrossesandtheschemessecurityrestsonanewmathe
maticalapproachthathasnotyetbeenthoroughlyvettedbythecryptographycommunityithashoweveralreadywithstoodthefirstattemptstobreak
itresearchersarehailingthenewworkasawatershedmomentforcryptographyformanycryptographerstheconversationhasshiftedfromwhether
obfuscationispossibletohowtoachieveitsixorsevenyearsagoyoucouldhavelookedatthisquestionandwonderedifwelleverknowtheanswersaid
leonardschulmanofthecaliforniainstituteoftechnologyinpasadenathefactthattheresnowaplausibleconstructionishugetoopowerful
toexistwhensahaistartedthinkingaboutobfuscationyearsagothefirsttaskwassimplytodefineitafteralluserscanalwayslearnsomething
aboutagarbledversionofaprogramsimplybyfeedingitinputsandseeingwhatcomesoutthemostnaturalandalsothestrongestdefinitionwasthe
ideaofablackboxobfuscatorwhichwouldjumbleaprogramsothoroughlythatapersonwiththebestavailablecomputationalresourcescould
figureoutnothingatallaboutitexceptforwhatmightbegleanedfrominputsandoutputsyoucouldnotfigureoutthevalueofapasswordhiddeninside
thesoftwareunlessthatpasswordwasoneoftheprogramsoutputsnorcouldyoureassemblepartsoftheprogramtocomputeanythingmeaningful
otherthanwhattheprogramwasoriginallydesignedtocomputeablackboxobfuscatorifitexistedwouldbeimmenselypowerfulprovidinginstant
solutionstomanycryptographyproblemsthattookdecadestofigureoutorinsomecasesremainunsolvedtakeforexamplepublickeyencryption
whosedevelopmentinthespavedthewayforinternetcommercepriortoitscreationtwopeoplewhowantedtocommunicatesecretlyhadtomeetin
advancetochooseanencryptionschemeandshareasecretkeyforencodinganddecodingmessagespublickeyencryptionallowsyoutoannounceakey
totheentireworldthatpermitspeopleyouvenevermettosendyoumessagesthatonlyyoucandecrypttheinnovationsorevolutionizedcryptography
thatitsearlydevelopershavebeenrecognizedwithoneawardafteranotherbutifyouhaveablackboxobfuscatorcreatingapublickeyencryption
protocolbecomesasimplematterofchoosingyourfavoritesecretkeyencryptionschemeexpressingitsworkingsasacomputerprogramobfuscating
theprogramandmakingtheobfuscatedversionwidelyavailableanyonecanthenuseittoencryptamessagetosendtoyoubutnoonecanteasethe
decryptionkeyoutoftheobfuscatedsoftwaresimilarlyablackboxobfuscatorwouldprovideawaytoinstantlyconvertanyprivatecryptography
schemetoapubliconethatcouldbeperformedovertheinternetbystrangersinasenseobfuscationisthekeytoallcryptographiesmodern
cryptographyisaboutthetransitionfromprivatetopublicsahaisaidobfuscationgivesyouaremarkableabilitytomovebetweenthe
setwoworldsthatfordecadeswethoughtofasfundamentallydifferentthepowerofuniversalblackboxobfuscationseemedtoogoodtobe
trueanditwasinsahaibarakandseveralcoauthorsshowedthatitisimpossiblesomeprogramstheresearchersdemonstratedarelikepeople
whoinsistonsharingtheirmostprivatemomentsontwitterorfacebooktheyaresodeterminedtorevealtheirsecretsthatnoobfuscatorcanhide
themstillsahaicouldntstopthinkingabouttheproblemthecomputerprogramstheteamhaddevisedwhichspilledtheirgutssoinsistentlywere
contrivedobjectsunlikeanyrealworldprogrammightsomeweakernotionthanblackboxobfuscationprotectthesecretsofprogramsthathadntbeen
specificallyconstructedtoresistobfuscationandifsojusthowpowerfulwouldsuchanideabejigsawpuzzleprogramssahaibarakandtheir
colleagueshadputforwardonedefinitionofaweakerkindofobfuscationintheirpaperaratheresotericconceptcalledindistinguishability
obfuscationaprogramgarblingprocedurequalifiesasanindistinguishabilityobfuscatorifwhenevertwoprogramsthatdoexactlythesamething
passthroughtheobfuscatornooneisabletotellwhichgarbledprogramcamefromwhichoriginaltheresnoobviousreasonwhythisconceptshould
beparticularlyusefulafterallevenifnoonecandistinguishthesourcesofthetwogarbledprogramsitmightstillbepossibletogleanimportant
secretsadecryptionkeyorclassifiedinstructionsfromlookingatthegarbledsoftwareitsaveryweaknotionofobfuscationsaidcraiggentryof
theibmthomasjwatsonresearchcenterinyorktownheightsnybutinshafigoldwasserofmitandguyrothblumofmicrosoftresearchsiliconvalley
inmountainviewcalifshowedthatanindistinguishabilityobfuscatorifitcouldbebuiltwouldbethebestpossibleobfuscatortheideaisthat
ifsomeotherobfuscatorwerethebestyoucoulduseittogarbletheprogramandthenputboththeoriginalprogramandthegarbledversionthrough
theindistinguishabilityobfuscatorforanadditionallayerofdistortionsomeonelookingattheresultingtwoprogramswouldntbeabletotell
whichonecamefromtheoriginalprogrammeaningthattheindistinguishabilityobfuscatorwasatleastasgoodathidingtheprogramssecrets
asthatotherbestobfuscatorgoldwasserandrothblumsresultmeantthatindistinguishabilityobfuscationwasthebesthopeforprotecting
allofacomputerprogramssecretsthatareprotectablebutnooneknewhowtobuildsuchanobfuscatororevenknewwhichofaprogramssecretsare
protectablewouldanindistinguishabilityobfuscatorsahaiwonderedprotectthesecretspeoplereallycaredaboutforsahaithedecadeleading
uptothenewfindingwasmarkedbydeadendsandincrementalresultstherewasalongperiodofbangingmyheadagainstthewallandhopingadentwould
formhesaidwewereallverypessimisticbutitwassuchabeautifulproblemthatiwascompletelyhookedinthefallofsahaistartedcollaborating
withgentryandwatersalongwithsanjamgargandshaihalevioftheibmthomasjwatsonresearchcenterandmarianaraykovaofsriinternational
inmenloparkcalifonaproblemcalledfunctionalencryptionwhichdealswithhowtogivedifferentpeopleparticularlevelsofaccesstoencrypted
dataafterwhatsahaicalledanincrediblyintenseperiodofputtingforwardideasbreakingthemandreturningtothedrawingboardinthespring
oftheteamcameupwithacomplicatedsolutiontotheproblemwhatwehadwasamesswithsomanymovingpartsandsubscriptsofsubscriptsbutitwas
thefirstthingwecouldntbreaksahairecalledastheresearcherstriedtosimplifytheirconstructiontheydiscoveredthatitwentmuchfurther
thananticipateditpresentedawaytoperformindistinguishabilityobfuscationonallcomputerprogramsthatsamomentillneverforgetsahaisa
idsahaiandwatersproceededtoshowthattheirindistinguishabilityobfuscatorseemstooffermuchoftheallencompassingcryptographic
protectionthatablackboxobfuscatorwouldofferitcanbeusedforexampletocreatepublickeyencryptiondigitalsignatureswhichenable
awebsitetoconvinceitsvisitorsthatitislegitimateandalaundrylistofotherfundamentalcryptographicprotocolsincluding
twomajoronesthatwerepreviouslyunsolvedfunctionalencryptionanddeniableencryptiontheteamsobfuscatorworksbytransforming
acomputerprogramintowhatsahaicallsamultilinearjigsawpuzzleeachpieceoftheprogramgetsobfuscatedbymixinginrandomelements
thatarecarefullychosensothatifyourunthegarbledprogramintheintendedwaytherandomnesscancelsoutandthepiecesfittogetherto
computethecorrectoutputbutifyoutrytodoanythingelsewiththeprogramtherandomnessmakeseachindividualpuzzlepiecelookmeaningless
thisobfuscationschemeisunbreakabletheteamshowedprovidedthatacertainnewfangledproblemaboutlatticesisashardtosolveastheteam
thinksitistimewilltellifthisassumptioniswarrantedbuttheschemehasalreadyresistedseveralattemptstocrackitandsahaibarakand
gargtogetherwithyaeltaumankalaiofmicrosoftresearchnewenglandandomerpanethofbostonuniversityhaveprovedthatthemostnatural
typesofattacksonthesystemareguaranteedtofailandthehardlatticeproblemthoughnewiscloselyrelatedtoafamilyofhardproblemsthat
havestooduptotestingandareusedinpracticalencryptionschemessahaishopeisthatnotonlywillthishardproblemstandthetestoftimebut
computerscientistswillfigureoutwaystobasetheobfuscationschemeonmoreconventionalcryptographicassumptionscryptographersare
alreadyjumpingontheindistinguishabilityobfuscationbandwagonsearchingforwaystomaketheschememoreefficientbolsteritssecurity
assumptionsandfurtherelucidatejustwhichsecretsitcanprotecttheproposedobfuscatorhasalreadyproducedaseachangeinmany
cryptographersviewsofprogramobfuscationitseemsthattheproblemisnotimpossiblesaiddanielemiccianciooftheuniversityof
californiasandiegobeyondtheimmediatetaskofrefiningtheteamsobfuscationprotocolliesadeeperquestioniftheproblemof
obfuscationhasbeensolvedwhatremainsforcryptographerswhatisthenextmajorcryptographicfrontierthatisnotsolvedatleast
inprinciplebyobfuscationsahaisaidthatsoneofthebigquestionsforourfield
